Flutter crash report.
Please report a bug at https://github.com/flutter/flutter/issues.

## command

flutter run --machine --start-paused -d emulator-5558 --devtools-server-address http://127.0.0.1:9100/ --target C:\Users\manza\Documents\FLUTTER\mqtt_line_chart-main\lib\main.dart

## exception

HttpException: HttpException: Connection closed before full header was received, uri = http://127.0.0.1:50949/9aGFOw7815o=/ws

```
```

## flutter doctor

```
[✓] Flutter (Channel stable, 3.22.2, on Microsoft Windows [Versi¢n 10.0.22621.4037], locale es-MX)
    • Flutter version 3.22.2 on channel stable at C:\Users\manza\Downloads\flutter
    • Upstream repository https://github.com/flutter/flutter.git
    • Framework revision 761747bfc5 (3 months ago), 2024-06-05 22:15:13 +0200
    • Engine revision edd8546116
    • Dart version 3.4.3
    • DevTools version 2.34.3

[✓] Windows Version (Installed version of Windows is version 10 or higher)

[✓] Android toolchain - develop for Android devices (Android SDK version 35.0.0)
    • Android SDK at C:\Users\manza\AppData\Local\Android\sdk
    • Platform android-35, build-tools 35.0.0
    • Java binary at: C:\Program Files\Android\Android Studio\jbr\bin\java
    • Java version OpenJDK Runtime Environment (build 17.0.10+0--11609105)
    • All Android licenses accepted.

[✓] Chrome - develop for the web
    • Chrome at C:\Program Files\Google\Chrome\Application\chrome.exe

[!] Visual Studio - develop Windows apps (Visual Studio Community 2022 17.8.3)
    • Visual Studio at C:\Program Files\Microsoft Visual Studio\2022\Community
    • Visual Studio Community 2022 version 17.8.34330.188
    • Windows 10 SDK version 10.0.22621.0
    ✗ Visual Studio is missing necessary components. Please re-run the Visual Studio installer for the "Desktop development with C++" workload, and include these components:
        MSVC v142 - VS 2019 C++ x64/x86 build tools
         - If there are multiple build tool versions available, install the latest
        C++ CMake tools for Windows
        Windows 10 SDK

[✓] Android Studio (version 2024.1)
    • Android Studio at C:\Program Files\Android\Android Studio
    • Flutter plugin can be installed from:
      🔨 https://plugins.jetbrains.com/plugin/9212-flutter
    • Dart plugin can be installed from:
      🔨 https://plugins.jetbrains.com/plugin/6351-dart
    • Java version OpenJDK Runtime Environment (build 17.0.10+0--11609105)

[✓] VS Code (version 1.92.2)
    • VS Code at C:\Users\manza\AppData\Local\Programs\Microsoft VS Code
    • Flutter extension version 3.96.0

[✓] Connected device (5 available)
    • M2101K7BG (mobile)      • CQ5LFY5PUOOZEATK • android-arm64  • Android 13 (API 33)
    • AOSP TV on x86 (mobile) • emulator-5558    • android-x86    • Android 12 (API 31) (emulator)
    • Windows (desktop)       • windows          • windows-x64    • Microsoft Windows [Versi¢n 10.0.22621.4037]
    • Chrome (web)            • chrome           • web-javascript • Google Chrome 128.0.6613.115
    • Edge (web)              • edge             • web-javascript • Microsoft Edge 128.0.2739.54

[✓] Network resources
    • All expected network resources are available.

! Doctor found issues in 1 category.
```
